INFO    : PreTeXt project found in `C:\Users\three\Desktop\PreTeXt-and-VS\Pretext\Geom-public-sandbox`.
WARNING : Using CLI version 2.0.1 but project's `requirements.txt`
WARNING : is configured to use 1.7.2. Consider either installing
WARNING : CLI version 1.7.2 or changing `requirements.txt` to match 2.0.1.
INFO    : Preparing to build into C:\Users\three\Desktop\PreTeXt-and-VS\Pretext\Geom-public-sandbox\output\web.
INFO    : discovering source file's directory name: C:\Users\three\Desktop\PreTeXt-and-VS\Pretext\Geom-public-sandbox\source
INFO    : verifying and expanding input directory: C:\Users\three\Desktop\PreTeXt-and-VS\Pretext\Geom-public-sandbox\source\../generated-assets
INFO    : input directory expanded to absolute path: C:\Users\three\Desktop\PreTeXt-and-VS\Pretext\Geom-public-sandbox\generated-assets
INFO    : verifying and expanding input directory: C:\Users\three\Desktop\PreTeXt-and-VS\Pretext\Geom-public-sandbox\source\../assets
INFO    : input directory expanded to absolute path: C:\Users\three\Desktop\PreTeXt-and-VS\Pretext\Geom-public-sandbox\assets
INFO    : Runestone Services (via PreTeXt repository): version 7.1.2
INFO    : Runestone Services (using newer, via online CDN query): version 7.1.4
INFO    : converting C:\Users\three\Desktop\PreTeXt-and-VS\Pretext\Geom-public-sandbox\source\main.ptx to HTML in C:\Users\three\AppData\Local\Temp\tmpuagopjwd
INFO    : XSL conversion of C:\Users\three\Desktop\PreTeXt-and-VS\Pretext\Geom-public-sandbox\source\main.ptx by C:\Users\three\.ptx\xsl\pretext-html.xsl
INFO    : comprehensive messages, warnings, and errors:
INFO    :     * PTX:WARNING: A subsection containing subsubsections needs to have other content inside an <introduction> and/or  <conclusion>.
INFO    :     *              located within: "
            Thoughts on Area
        " (title)
INFO    :     * PTX:DEPRECATE: (2023-08-08) a "website" element with "address" and "name" children has changed.  Continue to use the "website" element as before, but replace the "address" and "name" children with a single "url" element, which is more flexible and reliable.  We will try to honor your intent, but you may prefer your own adjustments. (1 time)
INFO    :     *              located within: "frontmatter" (xml:id)
INFO    :     * --------------
INFO    : successful application of C:\Users\three\.ptx\xsl\pretext-html.xsl
INFO    : 
Success! Run `pretext view` to see the results.

